Using pre-set license
Built from '2020.3/release' branch; Version is '2020.3.7f1 (dd97f2c94397) revision 14522354'; Using compiler version '192528614'; Build Type 'Release'
OS: 'Windows 10 Education; OS build 18362.1256; Version 1903; 64bit' Language: 'en' Physical Memory: 8063 MB
BatchMode: 1, IsHumanControllingUs: 0, StartBugReporterOnCrash: 0, Is64bit: 1, IsPro: 0

 COMMAND LINE ARGUMENTS:
C:\Program Files\Unity\Hub\Editor\2020.3.7f1\Editor\Unity.exe
-adb2
-batchMode
-noUpm
-name
AssetImportWorker0
-projectPath
C:/CSA/FPS
-logFile
Logs/AssetImportWorker0.log
-srvPort
51305
Successfully changed project path to: C:/CSA/FPS
C:/CSA/FPS
Using Asset Import Pipeline V2.
Refreshing native plugins compatible for Editor in 58.25 ms, found 0 plugins.
Preloading 0 native plugins for Editor in 0.00 ms.
Initialize engine version: 2020.3.7f1 (dd97f2c94397)
[Subsystems] Discovering subsystems at path C:/Program Files/Unity/Hub/Editor/2020.3.7f1/Editor/Data/Resources/UnitySubsystems
[Subsystems] Discovering subsystems at path C:/CSA/FPS/Assets
GfxDevice: creating device client; threaded=0
Direct3D:
    Version:  Direct3D 11.0 [level 10.1]
    Renderer: NVIDIA GeForce GT 240 (ID=0xca3)
    Vendor:   
    VRAM:     459 MB
    Driver:   9.18.13.4174
Initialize mono
Mono path[0] = 'C:/Program Files/Unity/Hub/Editor/2020.3.7f1/Editor/Data/Managed'
Mono path[1] = 'C:/Program Files/Unity/Hub/Editor/2020.3.7f1/Editor/Data/MonoBleedingEdge/lib/mono/unityjit'
Mono config path = 'C:/Program Files/Unity/Hub/Editor/2020.3.7f1/Editor/Data/MonoBleedingEdge/etc'
Using monoOptions --debugger-agent=transport=dt_socket,embedding=1,server=y,suspend=n,address=127.0.0.1:56896
Begin MonoManager ReloadAssembly
Registering precompiled unity dll's ...
Register platform support module: C:/Program Files/Unity/Hub/Editor/2020.3.7f1/Editor/Data/PlaybackEngines/WebGLSupport/UnityEditor.WebGL.Extensions.dll
Register platform support module: C:/Program Files/Unity/Hub/Editor/2020.3.7f1/Editor/Data/PlaybackEngines/MacStandaloneSupport/UnityEditor.OSXStandalone.Extensions.dll
Register platform support module: C:/Program Files/Unity/Hub/Editor/2020.3.7f1/Editor/Data/PlaybackEngines/WindowsStandaloneSupport/UnityEditor.WindowsStandalone.Extensions.dll
Register platform support module: C:/Program Files/Unity/Hub/Editor/2020.3.7f1/Editor/Data/PlaybackEngines/LinuxStandaloneSupport/UnityEditor.LinuxStandalone.Extensions.dll
Registered in 0.003204 seconds.
Native extension for LinuxStandalone target not found
Native extension for WindowsStandalone target not found
Native extension for OSXStandalone target not found
Native extension for WebGL target not found
Refreshing native plugins compatible for Editor in 49.64 ms, found 0 plugins.
Preloading 0 native plugins for Editor in 0.00 ms.
Mono: successfully reloaded assembly
- Completed reload, in  1.552 seconds
Platform modules already initialized, skipping
Registering precompiled user dll's ...
Registered in 0.005480 seconds.
Begin MonoManager ReloadAssembly
Native extension for LinuxStandalone target not found
Native extension for WindowsStandalone target not found
Native extension for OSXStandalone target not found
Native extension for WebGL target not found
Refreshing native plugins compatible for Editor in 0.45 ms, found 0 plugins.
Preloading 0 native plugins for Editor in 0.00 ms.
Mono: successfully reloaded assembly
- Completed reload, in  1.048 seconds
Platform modules already initialized, skipping
========================================================================
Worker process is ready to serve import requests
Launched and connected shader compiler UnityShaderCompiler.exe after 0.05 seconds
Refreshing native plugins compatible for Editor in 1.45 ms, found 0 plugins.
Preloading 0 native plugins for Editor in 0.00 ms.
Unloading 1591 Unused Serialized files (Serialized files now loaded: 0)
System memory in use before: 79.0 MB.
System memory in use after: 78.9 MB.

Unloading 40 unused Assets to reduce memory usage. Loaded Objects now: 2015.
Total: 3.857700 ms (FindLiveObjects: 0.580200 ms CreateObjectMapping: 0.220100 ms MarkObjects: 2.766300 ms  DeleteObjects: 0.284200 ms)

========================================================================
Received Import Request.
  path: Assets/Readme.asset
  artifactKey: Guid(83c2ed844a8c74b779a4c823d16594b1) Importer(815301076,1909f56bfc062723c751e8b465ee728b)
Start importing Assets/Readme.asset using Guid(83c2ed844a8c74b779a4c823d16594b1) Importer(815301076,1909f56bfc062723c751e8b465ee728b)  -> (artifact id: '031c0ac4ab006f1aa8bdf58e4e05aaca') in 0.046959 seconds
  Import took 0.050019 seconds .

========================================================================
Received Import Request.
  Time since last request: 815.901235 seconds.
  path: Assets/Creator Kit - FPS/Scenes
  artifactKey: Guid(e4e504f2087e2f7459f85f86374b2ee4) Importer(815301076,1909f56bfc062723c751e8b465ee728b)
Start importing Assets/Creator Kit - FPS/Scenes using Guid(e4e504f2087e2f7459f85f86374b2ee4) Importer(815301076,1909f56bfc062723c751e8b465ee728b)  -> (artifact id: '509ea45e4922ba5a3f9e394cf045f6db') in 0.017082 seconds
  Import took 0.020838 seconds .

========================================================================
Received Import Request.
  Time since last request: 1.269129 seconds.
  path: Assets/Creator Kit - FPS/Scenes/ExampleScene.unity
  artifactKey: Guid(cf8af1738c3cb4b488b72c399f7898f8) Importer(815301076,1909f56bfc062723c751e8b465ee728b)
Start importing Assets/Creator Kit - FPS/Scenes/ExampleScene.unity using Guid(cf8af1738c3cb4b488b72c399f7898f8) Importer(815301076,1909f56bfc062723c751e8b465ee728b)  -> (artifact id: '5dc0b637688b4ad742707c01edfb5b14') in 0.016875 seconds
  Import took 0.020124 seconds .

========================================================================
Received Import Request.
  Time since last request: 450.601363 seconds.
  path: Assets/Creator Kit - FPS/Scenes/TemplateScene
  artifactKey: Guid(a4fa9bf322269474ba572e200d9a1cd7) Importer(815301076,1909f56bfc062723c751e8b465ee728b)
Start importing Assets/Creator Kit - FPS/Scenes/TemplateScene using Guid(a4fa9bf322269474ba572e200d9a1cd7) Importer(815301076,1909f56bfc062723c751e8b465ee728b)  -> (artifact id: 'dac8549fed54df027375f75d77ac21ab') in 0.006026 seconds
  Import took 0.009697 seconds .

========================================================================
Received Import Request.
  Time since last request: 1.298924 seconds.
  path: Assets/Creator Kit - FPS/Scenes/TemplateScene/Template_room.unity
  artifactKey: Guid(96074c919a02b4c429aabdb3b4a9d038) Importer(815301076,1909f56bfc062723c751e8b465ee728b)
Start importing Assets/Creator Kit - FPS/Scenes/TemplateScene/Template_room.unity using Guid(96074c919a02b4c429aabdb3b4a9d038) Importer(815301076,1909f56bfc062723c751e8b465ee728b)  -> (artifact id: 'b25f06a09bb977b5d0ea44df7f95874b') in 0.016350 seconds
  Import took 0.019959 seconds .

========================================================================
Received Import Request.
  Time since last request: 0.005157 seconds.
  path: Assets/Creator Kit - FPS/Scenes/TemplateScene/Template_room.unity
  artifactKey: Guid(96074c919a02b4c429aabdb3b4a9d038) Importer(815301076,1909f56bfc062723c751e8b465ee728b)
Start importing Assets/Creator Kit - FPS/Scenes/TemplateScene/Template_room.unity using Guid(96074c919a02b4c429aabdb3b4a9d038) Importer(815301076,1909f56bfc062723c751e8b465ee728b)  -> (artifact id: 'b25f06a09bb977b5d0ea44df7f95874b') in 0.005147 seconds
  Import took 0.009314 seconds .

========================================================================
Received Import Request.
  Time since last request: 0.973645 seconds.
  path: Assets/Creator Kit - FPS/Scenes/TemplateScene/Template.unity
  artifactKey: Guid(197f3b7d37744104591e49a2b56ad573) Importer(815301076,1909f56bfc062723c751e8b465ee728b)
Start importing Assets/Creator Kit - FPS/Scenes/TemplateScene/Template.unity using Guid(197f3b7d37744104591e49a2b56ad573) Importer(815301076,1909f56bfc062723c751e8b465ee728b)  -> (artifact id: '258e8f3605addb71509e25ff72904b79') in 0.016853 seconds
  Import took 0.021611 seconds .

========================================================================
Received Prepare
Registering precompiled user dll's ...
Registered in 0.007238 seconds.
Begin MonoManager ReloadAssembly
Native extension for LinuxStandalone target not found
Native extension for WindowsStandalone target not found
Native extension for OSXStandalone target not found
Native extension for WebGL target not found
Refreshing native plugins compatible for Editor in 0.51 ms, found 0 plugins.
Preloading 0 native plugins for Editor in 0.00 ms.
Mono: successfully reloaded assembly
- Completed reload, in  0.985 seconds
Platform modules already initialized, skipping
Refreshing native plugins compatible for Editor in 1.52 ms, found 0 plugins.
Preloading 0 native plugins for Editor in 0.00 ms.
Unloading 1556 Unused Serialized files (Serialized files now loaded: 0)
System memory in use before: 76.1 MB.
System memory in use after: 76.1 MB.

Unloading 31 unused Assets to reduce memory usage. Loaded Objects now: 2018.
Total: 2.868300 ms (FindLiveObjects: 0.261500 ms CreateObjectMapping: 0.076100 ms MarkObjects: 2.231700 ms  DeleteObjects: 0.297200 ms)

========================================================================
Received Prepare
Registering precompiled user dll's ...
Registered in 0.007095 seconds.
Begin MonoManager ReloadAssembly
Native extension for LinuxStandalone target not found
Native extension for WindowsStandalone target not found
Native extension for OSXStandalone target not found
Native extension for WebGL target not found
Refreshing native plugins compatible for Editor in 0.63 ms, found 0 plugins.
Preloading 0 native plugins for Editor in 0.00 ms.
Mono: successfully reloaded assembly
- Completed reload, in  1.216 seconds
Platform modules already initialized, skipping
Refreshing native plugins compatible for Editor in 1.27 ms, found 0 plugins.
Preloading 0 native plugins for Editor in 0.00 ms.
Unloading 1556 Unused Serialized files (Serialized files now loaded: 0)
System memory in use before: 76.1 MB.
System memory in use after: 76.1 MB.

Unloading 31 unused Assets to reduce memory usage. Loaded Objects now: 2021.
Total: 3.503300 ms (FindLiveObjects: 0.238100 ms CreateObjectMapping: 0.057500 ms MarkObjects: 2.830900 ms  DeleteObjects: 0.374300 ms)

========================================================================
Received Prepare
Registering precompiled user dll's ...
Registered in 0.006107 seconds.
Begin MonoManager ReloadAssembly
Native extension for LinuxStandalone target not found
Native extension for WindowsStandalone target not found
Native extension for OSXStandalone target not found
Native extension for WebGL target not found
Refreshing native plugins compatible for Editor in 0.52 ms, found 0 plugins.
Preloading 0 native plugins for Editor in 0.00 ms.
Mono: successfully reloaded assembly
- Completed reload, in  1.081 seconds
Platform modules already initialized, skipping
Refreshing native plugins compatible for Editor in 1.26 ms, found 0 plugins.
Preloading 0 native plugins for Editor in 0.00 ms.
Unloading 1579 Unused Serialized files (Serialized files now loaded: 0)
System memory in use before: 77.3 MB.
System memory in use after: 77.3 MB.

Unloading 31 unused Assets to reduce memory usage. Loaded Objects now: 2047.
Total: 2.986300 ms (FindLiveObjects: 0.463600 ms CreateObjectMapping: 0.158500 ms MarkObjects: 2.190800 ms  DeleteObjects: 0.172200 ms)

========================================================================
Received Import Request.
  Time since last request: 1266.828701 seconds.
  path: Assets/POLYGON - FPS free/legs.mask
  artifactKey: Guid(6621e4b0d958cc04581b0761fe3fa410) Importer(815301076,1909f56bfc062723c751e8b465ee728b)
Start importing Assets/POLYGON - FPS free/legs.mask using Guid(6621e4b0d958cc04581b0761fe3fa410) Importer(815301076,1909f56bfc062723c751e8b465ee728b)  -> (artifact id: '4be61f06915c55ff7b0d9769aecea086') in 0.026784 seconds
  Import took 0.029707 seconds .

========================================================================
Received Import Request.
  Time since last request: 0.000291 seconds.
  path: Assets/POLYGON - FPS free/upper_corp.mask
  artifactKey: Guid(8a4904ae7f530d2468088452f6acad9d) Importer(815301076,1909f56bfc062723c751e8b465ee728b)
Start importing Assets/POLYGON - FPS free/upper_corp.mask using Guid(8a4904ae7f530d2468088452f6acad9d) Importer(815301076,1909f56bfc062723c751e8b465ee728b)  -> (artifact id: 'a5d822cbb81289669496c88d91801c2f') in 0.016339 seconds
  Import took 0.018968 seconds .

========================================================================
Received Import Request.
  Time since last request: 2.962007 seconds.
  path: Assets/POLYGON - FPS free/scene
  artifactKey: Guid(571c6a05227d1e849baf3aba6974b49f) Importer(815301076,1909f56bfc062723c751e8b465ee728b)
Start importing Assets/POLYGON - FPS free/scene using Guid(571c6a05227d1e849baf3aba6974b49f) Importer(815301076,1909f56bfc062723c751e8b465ee728b)  -> (artifact id: '313236fa9edd203bc9d0c7b37a0ebd14') in 0.014658 seconds
  Import took 0.017516 seconds .

========================================================================
Received Import Request.
  Time since last request: 1.434376 seconds.
  path: Assets/POLYGON - FPS free/scene/demo_map.unity
  artifactKey: Guid(19fab4276374c3b408b0afe0a064b529) Importer(815301076,1909f56bfc062723c751e8b465ee728b)
Start importing Assets/POLYGON - FPS free/scene/demo_map.unity using Guid(19fab4276374c3b408b0afe0a064b529) Importer(815301076,1909f56bfc062723c751e8b465ee728b)  -> (artifact id: '8510ad624413f3d0d27ce3676bf1d037') in 0.005599 seconds
  Import took 0.008696 seconds .

========================================================================
Received Import Request.
  Time since last request: 2.740749 seconds.
  path: Assets/POLYGON - FPS free/scene/demo_map
  artifactKey: Guid(ebbaad38e1275104db5c51d90ab54992) Importer(815301076,1909f56bfc062723c751e8b465ee728b)
Start importing Assets/POLYGON - FPS free/scene/demo_map using Guid(ebbaad38e1275104db5c51d90ab54992) Importer(815301076,1909f56bfc062723c751e8b465ee728b)  -> (artifact id: '1b503e0c51489d0df092fab1f6f4c70e') in 0.015588 seconds
  Import took 0.019455 seconds .

========================================================================
Received Import Request.
  Time since last request: 0.002601 seconds.
  path: Assets/POLYGON - FPS free/scene/demo_map
  artifactKey: Guid(ebbaad38e1275104db5c51d90ab54992) Importer(815301076,1909f56bfc062723c751e8b465ee728b)
Start importing Assets/POLYGON - FPS free/scene/demo_map using Guid(ebbaad38e1275104db5c51d90ab54992) Importer(815301076,1909f56bfc062723c751e8b465ee728b)  -> (artifact id: '1b503e0c51489d0df092fab1f6f4c70e') in 0.004963 seconds
  Import took 0.008600 seconds .

========================================================================
Received Import Request.
  Time since last request: 0.074909 seconds.
  path: Assets/POLYGON - FPS free/scene/demo_map/NavMesh.asset
  artifactKey: Guid(be535f3743c841244a8e74e3412180f1) Importer(815301076,1909f56bfc062723c751e8b465ee728b)
Start importing Assets/POLYGON - FPS free/scene/demo_map/NavMesh.asset using Guid(be535f3743c841244a8e74e3412180f1) Importer(815301076,1909f56bfc062723c751e8b465ee728b)  -> (artifact id: '1ddc95b4ec394aab4185de8d1fcc9e38') in 0.021337 seconds
  Import took 0.024360 seconds .

========================================================================
Received Prepare
Registering precompiled user dll's ...
Registered in 0.005794 seconds.
Begin MonoManager ReloadAssembly
Native extension for LinuxStandalone target not found
Native extension for WindowsStandalone target not found
Native extension for OSXStandalone target not found
Native extension for WebGL target not found
Refreshing native plugins compatible for Editor in 0.56 ms, found 0 plugins.
Preloading 0 native plugins for Editor in 0.00 ms.
Mono: successfully reloaded assembly
- Completed reload, in  0.993 seconds
Platform modules already initialized, skipping
Refreshing native plugins compatible for Editor in 2.11 ms, found 0 plugins.
Preloading 0 native plugins for Editor in 0.00 ms.
Unloading 1579 Unused Serialized files (Serialized files now loaded: 0)
System memory in use before: 77.6 MB.
System memory in use after: 77.5 MB.

Unloading 31 unused Assets to reduce memory usage. Loaded Objects now: 2050.
Total: 3.694000 ms (FindLiveObjects: 0.526600 ms CreateObjectMapping: 0.186600 ms MarkObjects: 2.778800 ms  DeleteObjects: 0.200200 ms)

AssetImportWorkerClient::OnTransportError - code=2 error=End of file
